#! /c/Source/iverilog-install/bin/vvp
:ivl_version "12.0 (devel)" "(s20150603-1539-g2693dd32b)";
:ivl_delay_selection "TYPICAL";
:vpi_time_precision - 12;
:vpi_module "D:\iverilog\lib\ivl\system.vpi";
:vpi_module "D:\iverilog\lib\ivl\vhdl_sys.vpi";
:vpi_module "D:\iverilog\lib\ivl\vhdl_textio.vpi";
:vpi_module "D:\iverilog\lib\ivl\v2005_math.vpi";
:vpi_module "D:\iverilog\lib\ivl\va_math.vpi";
S_0000025dd040e790 .scope module, "sqrt_mult_system_tb" "sqrt_mult_system_tb" 2 3;
 .timescale -9 -12;
P_0000025dd0439d80 .param/l "MAX_WAIT_CYCLES" 1 2 48, +C4<00000000000000000000011111010000>;
v0000025dd049bb70_0 .var "a_bi", 7 0;
v0000025dd049adb0_0 .var "b_bi", 7 0;
v0000025dd049bcb0_0 .var "clk", 0 0;
v0000025dd049ae50_0 .net "done", 0 0, L_0000025dd049a6d0;  1 drivers
v0000025dd049a630_0 .net "result", 15 0, v0000025dd042d5e0_0;  1 drivers
v0000025dd049b170_0 .var "rst_i", 0 0;
v0000025dd049a8b0_0 .var "start_i", 0 0;
S_0000025dd0406010 .scope module, "DUT" "sqrt_mult_system" 2 13, 3 1 0, S_0000025dd040e790;
 .timescale -9 -12;
    .port_info 0 /INPUT 1 "clk_i";
    .port_info 1 /INPUT 1 "rst_i";
    .port_info 2 /INPUT 1 "start_i";
    .port_info 3 /INPUT 8 "a_bi";
    .port_info 4 /INPUT 8 "b_bi";
    .port_info 5 /OUTPUT 16 "result";
    .port_info 6 /OUTPUT 1 "done";
P_0000025dd040e920 .param/l "CALC_MULT" 1 3 18, C4<10>;
P_0000025dd040e958 .param/l "CALC_SQRT" 1 3 17, C4<01>;
P_0000025dd040e990 .param/l "DONE_STATE" 1 3 19, C4<11>;
P_0000025dd040e9c8 .param/l "IDLE" 1 3 16, C4<00>;
L_0000025dd042ac10 .functor AND 1, L_0000025dd049aa90, v0000025dd049a8b0_0, C4<1>, C4<1>;
L_0000025dd042a580 .functor AND 1, L_0000025dd049aef0, L_0000025dd049bf30, C4<1>, C4<1>;
L_0000025dd05b0088 .functor BUFT 1, C4<00>, C4<0>, C4<0>, C4<0>;
v0000025dd049b5d0_0 .net/2u *"_ivl_0", 1 0, L_0000025dd05b0088;  1 drivers
v0000025dd049b850_0 .net *"_ivl_11", 0 0, L_0000025dd049bf30;  1 drivers
L_0000025dd05b0118 .functor BUFT 1, C4<11>, C4<0>, C4<0>, C4<0>;
v0000025dd049b670_0 .net/2u *"_ivl_14", 1 0, L_0000025dd05b0118;  1 drivers
v0000025dd049a9f0_0 .net *"_ivl_2", 0 0, L_0000025dd049aa90;  1 drivers
L_0000025dd05b00d0 .functor BUFT 1, C4<01>, C4<0>, C4<0>, C4<0>;
v0000025dd049b530_0 .net/2u *"_ivl_6", 1 0, L_0000025dd05b00d0;  1 drivers
v0000025dd049a310_0 .net *"_ivl_8", 0 0, L_0000025dd049aef0;  1 drivers
v0000025dd049a130_0 .net "a_bi", 7 0, v0000025dd049bb70_0;  1 drivers
v0000025dd049abd0_0 .net "b_bi", 7 0, v0000025dd049adb0_0;  1 drivers
v0000025dd049b7b0_0 .net "clk_i", 0 0, v0000025dd049bcb0_0;  1 drivers
v0000025dd049a4f0_0 .net "done", 0 0, L_0000025dd049a6d0;  alias, 1 drivers
v0000025dd049b8f0_0 .net "mult_busy", 0 0, L_0000025dd042a0b0;  1 drivers
v0000025dd049be90_0 .net "mult_start", 0 0, L_0000025dd042a580;  1 drivers
v0000025dd049af90_0 .net "result", 15 0, v0000025dd042d5e0_0;  alias, 1 drivers
v0000025dd049b990_0 .net "rst_i", 0 0, v0000025dd049b170_0;  1 drivers
v0000025dd049ad10_0 .net "sqrt_busy", 0 0, v0000025dd049a950_0;  1 drivers
v0000025dd049a090_0 .net "sqrt_result", 7 0, v0000025dd049a270_0;  1 drivers
v0000025dd049ac70_0 .net "sqrt_start", 0 0, L_0000025dd042ac10;  1 drivers
v0000025dd049a590_0 .net "start_i", 0 0, v0000025dd049a8b0_0;  1 drivers
v0000025dd049a1d0_0 .var "state", 1 0;
E_0000025dd0439f40 .event posedge, v0000025dd042c820_0, v0000025dd042ce60_0;
L_0000025dd049aa90 .cmp/eq 2, v0000025dd049a1d0_0, L_0000025dd05b0088;
L_0000025dd049aef0 .cmp/eq 2, v0000025dd049a1d0_0, L_0000025dd05b00d0;
L_0000025dd049bf30 .reduce/nor v0000025dd049a950_0;
L_0000025dd049a6d0 .cmp/eq 2, v0000025dd049a1d0_0, L_0000025dd05b0118;
S_0000025dd04061a0 .scope module, "mult_inst" "mult" 3 66, 4 1 0, S_0000025dd0406010;
 .timescale -9 -12;
    .port_info 0 /INPUT 1 "clk_i";
    .port_info 1 /INPUT 1 "rst_i";
    .port_info 2 /INPUT 8 "a_bi";
    .port_info 3 /INPUT 8 "b_bi";
    .port_info 4 /INPUT 1 "start_i";
    .port_info 5 /OUTPUT 1 "busy_o";
    .port_info 6 /OUTPUT 16 "y_bo";
P_0000025dd0435f50 .param/l "IDLE" 1 4 13, +C4<00000000000000000000000000000000>;
P_0000025dd0435f88 .param/l "WORK" 1 4 14, +C4<00000000000000000000000000000001>;
L_0000025dd042a660 .functor AND 8, v0000025dd042ca00_0, L_0000025dd049b0d0, C4<11111111>, C4<11111111>;
L_0000025dd042a0b0 .functor BUFZ 1, v0000025dd042d540_0, C4<0>, C4<0>, C4<0>;
v0000025dd042c780_0 .net *"_ivl_1", 0 0, L_0000025dd049b210;  1 drivers
L_0000025dd05b01a8 .functor BUFT 1, C4<111>, C4<0>, C4<0>, C4<0>;
v0000025dd042cf00_0 .net/2u *"_ivl_12", 2 0, L_0000025dd05b01a8;  1 drivers
v0000025dd042caa0_0 .net *"_ivl_14", 0 0, L_0000025dd049b490;  1 drivers
L_0000025dd05b01f0 .functor BUFT 1, C4<00>, C4<0>, C4<0>, C4<0>;
v0000025dd042cbe0_0 .net *"_ivl_19", 1 0, L_0000025dd05b01f0;  1 drivers
v0000025dd042d040_0 .net *"_ivl_2", 7 0, L_0000025dd049b0d0;  1 drivers
v0000025dd042d400_0 .net *"_ivl_6", 15 0, L_0000025dd049b2b0;  1 drivers
L_0000025dd05b0160 .functor BUFT 1, C4<00000000>, C4<0>, C4<0>, C4<0>;
v0000025dd042cc80_0 .net *"_ivl_9", 7 0, L_0000025dd05b0160;  1 drivers
v0000025dd042ca00_0 .var "a", 7 0;
v0000025dd042d0e0_0 .net "a_bi", 7 0, v0000025dd049bb70_0;  alias, 1 drivers
v0000025dd042cd20_0 .var "b", 7 0;
v0000025dd042cdc0_0 .net "b_bi", 7 0, v0000025dd049a270_0;  alias, 1 drivers
v0000025dd042c960_0 .net "busy_o", 0 0, L_0000025dd042a0b0;  alias, 1 drivers
v0000025dd042ce60_0 .net "clk_i", 0 0, v0000025dd049bcb0_0;  alias, 1 drivers
v0000025dd042d180_0 .var "ctr", 2 0;
v0000025dd042cfa0_0 .net "end_step", 2 0, L_0000025dd049c8c0;  1 drivers
v0000025dd042d220_0 .var "part_res", 15 0;
v0000025dd042d2c0_0 .net "part_sum", 7 0, L_0000025dd042a660;  1 drivers
v0000025dd042c820_0 .net "rst_i", 0 0, v0000025dd049b170_0;  alias, 1 drivers
v0000025dd042d360_0 .net "shifted_part_sum", 15 0, L_0000025dd049b3f0;  1 drivers
v0000025dd042d4a0_0 .net "start_i", 0 0, L_0000025dd042a580;  alias, 1 drivers
v0000025dd042d540_0 .var "state", 0 0;
v0000025dd042d5e0_0 .var "y_bo", 15 0;
E_0000025dd0439fc0 .event posedge, v0000025dd042ce60_0;
L_0000025dd049b210 .part/v v0000025dd042cd20_0, v0000025dd042d180_0, 1;
LS_0000025dd049b0d0_0_0 .concat [ 1 1 1 1], L_0000025dd049b210, L_0000025dd049b210, L_0000025dd049b210, L_0000025dd049b210;
LS_0000025dd049b0d0_0_4 .concat [ 1 1 1 1], L_0000025dd049b210, L_0000025dd049b210, L_0000025dd049b210, L_0000025dd049b210;
L_0000025dd049b0d0 .concat [ 4 4 0 0], LS_0000025dd049b0d0_0_0, LS_0000025dd049b0d0_0_4;
L_0000025dd049b2b0 .concat [ 8 8 0 0], L_0000025dd042a660, L_0000025dd05b0160;
L_0000025dd049b3f0 .shift/l 16, L_0000025dd049b2b0, v0000025dd042d180_0;
L_0000025dd049b490 .cmp/eq 3, v0000025dd042d180_0, L_0000025dd05b01a8;
L_0000025dd049c8c0 .concat [ 1 2 0 0], L_0000025dd049b490, L_0000025dd05b01f0;
S_0000025dd03e2ce0 .scope module, "sqrt_inst" "sqrt" 3 57, 5 1 0, S_0000025dd0406010;
 .timescale -9 -12;
    .port_info 0 /INPUT 1 "clk_i";
    .port_info 1 /INPUT 1 "rst_i";
    .port_info 2 /INPUT 8 "x_bi";
    .port_info 3 /INPUT 1 "start_i";
    .port_info 4 /OUTPUT 1 "busy_o";
    .port_info 5 /OUTPUT 8 "y_bo";
P_0000025dd0436950 .param/l "IDLE" 1 5 12, C4<0>;
P_0000025dd0436988 .param/l "WORK" 1 5 13, C4<1>;
v0000025dd042c6e0_0 .var "b", 7 0;
v0000025dd049a3b0_0 .net "busy_o", 0 0, v0000025dd049a950_0;  alias, 1 drivers
v0000025dd049ab30_0 .net "clk_i", 0 0, v0000025dd049bcb0_0;  alias, 1 drivers
v0000025dd049b710_0 .var "m", 7 0;
v0000025dd049bd50_0 .net "rst_i", 0 0, v0000025dd049b170_0;  alias, 1 drivers
v0000025dd049b030_0 .net "start_i", 0 0, L_0000025dd042ac10;  alias, 1 drivers
v0000025dd049a950_0 .var "state", 0 0;
v0000025dd049a450_0 .var "x", 7 0;
v0000025dd049a770_0 .net "x_bi", 7 0, v0000025dd049adb0_0;  alias, 1 drivers
v0000025dd049a810_0 .var "y", 7 0;
v0000025dd049a270_0 .var "y_bo", 7 0;
S_0000025dd03e2f80 .scope task, "test" "test" 2 50, 2 50 0, S_0000025dd040e790;
 .timescale -9 -12;
v0000025dd049b350_0 .var "a", 7 0;
v0000025dd049bdf0_0 .var "b", 7 0;
v0000025dd049ba30_0 .var/i "cycles", 31 0;
v0000025dd049bad0_0 .var "expected", 15 0;
v0000025dd049bc10_0 .var/i "num", 31 0;
TD_sqrt_mult_system_tb.test ;
    %load/vec4 v0000025dd049b350_0;
    %store/vec4 v0000025dd049bb70_0, 0, 8;
    %load/vec4 v0000025dd049bdf0_0;
    %store/vec4 v0000025dd049adb0_0, 0, 8;
    %wait E_0000025dd0439fc0;
    %pushi/vec4 1, 0, 1;
    %store/vec4 v0000025dd049a8b0_0, 0, 1;
    %wait E_0000025dd0439fc0;
    %pushi/vec4 0, 0, 1;
    %store/vec4 v0000025dd049a8b0_0, 0, 1;
    %pushi/vec4 0, 0, 32;
    %store/vec4 v0000025dd049ba30_0, 0, 32;
T_0.0 ;
    %load/vec4 v0000025dd049ae50_0;
    %nor/r;
    %flag_set/vec4 9;
    %flag_get/vec4 9;
    %jmp/0 T_0.2, 9;
    %load/vec4 v0000025dd049ba30_0;
    %cmpi/s 2000, 0, 32;
    %flag_get/vec4 5;
    %and;
T_0.2;
    %flag_set/vec4 8;
    %jmp/0xz T_0.1, 8;
    %wait E_0000025dd0439fc0;
    %load/vec4 v0000025dd049ba30_0;
    %addi 1, 0, 32;
    %store/vec4 v0000025dd049ba30_0, 0, 32;
    %jmp T_0.0;
T_0.1 ;
    %load/vec4 v0000025dd049ae50_0;
    %flag_set/vec4 8;
    %jmp/0xz  T_0.3, 8;
    %vpi_call 2 68 "$display", "%2d: %0d*sqrt(%0d)=%0d (exp %0d)", v0000025dd049bc10_0, v0000025dd049b350_0, v0000025dd049bdf0_0, v0000025dd049a630_0, v0000025dd049bad0_0 {0 0 0};
    %jmp T_0.4;
T_0.3 ;
    %vpi_call 2 70 "$display", "TIMEOUT in test %0d", v0000025dd049bc10_0 {0 0 0};
T_0.4 ;
    %pushi/vec4 2, 0, 32;
T_0.5 %dup/vec4;
    %pushi/vec4 0, 0, 32;
    %cmp/s;
    %jmp/1xz T_0.6, 5;
    %jmp/1 T_0.6, 4;
    %pushi/vec4 1, 0, 32;
    %sub;
    %wait E_0000025dd0439fc0;
    %jmp T_0.5;
T_0.6 ;
    %pop/vec4 1;
    %end;
    .scope S_0000025dd03e2ce0;
T_1 ;
    %wait E_0000025dd0439fc0;
    %load/vec4 v0000025dd049bd50_0;
    %flag_set/vec4 8;
    %jmp/0xz  T_1.0, 8;
    %pushi/vec4 0, 0, 1;
    %assign/vec4 v0000025dd049a950_0, 0;
    %pushi/vec4 0, 0, 8;
    %assign/vec4 v0000025dd049a450_0, 0;
    %pushi/vec4 0, 0, 8;
    %assign/vec4 v0000025dd049a810_0, 0;
    %pushi/vec4 0, 0, 8;
    %assign/vec4 v0000025dd049b710_0, 0;
    %pushi/vec4 0, 0, 8;
    %assign/vec4 v0000025dd049a270_0, 0;
    %jmp T_1.1;
T_1.0 ;
    %load/vec4 v0000025dd049a950_0;
    %dup/vec4;
    %pushi/vec4 0, 0, 1;
    %cmp/u;
    %jmp/1 T_1.2, 6;
    %dup/vec4;
    %pushi/vec4 1, 0, 1;
    %cmp/u;
    %jmp/1 T_1.3, 6;
    %jmp T_1.4;
T_1.2 ;
    %load/vec4 v0000025dd049b030_0;
    %flag_set/vec4 8;
    %jmp/0xz  T_1.5, 8;
    %pushi/vec4 1, 0, 1;
    %assign/vec4 v0000025dd049a950_0, 0;
    %load/vec4 v0000025dd049a770_0;
    %assign/vec4 v0000025dd049a450_0, 0;
    %pushi/vec4 0, 0, 8;
    %assign/vec4 v0000025dd049a810_0, 0;
    %pushi/vec4 64, 0, 8;
    %assign/vec4 v0000025dd049b710_0, 0;
    %pushi/vec4 0, 0, 8;
    %assign/vec4 v0000025dd049a270_0, 0;
T_1.5 ;
    %jmp T_1.4;
T_1.3 ;
    %load/vec4 v0000025dd049b710_0;
    %pad/u 32;
    %cmpi/ne 0, 0, 32;
    %jmp/0xz  T_1.7, 4;
    %load/vec4 v0000025dd049a810_0;
    %load/vec4 v0000025dd049b710_0;
    %or;
    %store/vec4 v0000025dd042c6e0_0, 0, 8;
    %load/vec4 v0000025dd049a810_0;
    %ix/load 4, 1, 0;
    %flag_set/imm 4, 0;
    %shiftr 4;
    %store/vec4 v0000025dd049a810_0, 0, 8;
    %load/vec4 v0000025dd042c6e0_0;
    %load/vec4 v0000025dd049a450_0;
    %cmp/u;
    %flag_or 5, 4;
    %jmp/0xz  T_1.9, 5;
    %load/vec4 v0000025dd049a450_0;
    %load/vec4 v0000025dd042c6e0_0;
    %sub;
    %store/vec4 v0000025dd049a450_0, 0, 8;
    %load/vec4 v0000025dd049a810_0;
    %load/vec4 v0000025dd049b710_0;
    %or;
    %store/vec4 v0000025dd049a810_0, 0, 8;
T_1.9 ;
    %load/vec4 v0000025dd049b710_0;
    %ix/load 4, 2, 0;
    %flag_set/imm 4, 0;
    %shiftr 4;
    %store/vec4 v0000025dd049b710_0, 0, 8;
    %jmp T_1.8;
T_1.7 ;
    %pushi/vec4 0, 0, 1;
    %assign/vec4 v0000025dd049a950_0, 0;
    %pushi/vec4 0, 0, 8;
    %load/vec4 v0000025dd049a810_0;
    %concat/vec4; draw_concat_vec4
    %pad/u 8;
    %store/vec4 v0000025dd049a270_0, 0, 8;
T_1.8 ;
    %jmp T_1.4;
T_1.4 ;
    %pop/vec4 1;
T_1.1 ;
    %jmp T_1;
    .thread T_1;
    .scope S_0000025dd04061a0;
T_2 ;
    %wait E_0000025dd0439fc0;
    %load/vec4 v0000025dd042c820_0;
    %flag_set/vec4 8;
    %jmp/0xz  T_2.0, 8;
    %pushi/vec4 0, 0, 3;
    %assign/vec4 v0000025dd042d180_0, 0;
    %pushi/vec4 0, 0, 16;
    %assign/vec4 v0000025dd042d220_0, 0;
    %pushi/vec4 0, 0, 16;
    %assign/vec4 v0000025dd042d5e0_0, 0;
    %pushi/vec4 0, 0, 1;
    %assign/vec4 v0000025dd042d540_0, 0;
    %jmp T_2.1;
T_2.0 ;
    %load/vec4 v0000025dd042d540_0;
    %dup/vec4;
    %pushi/vec4 0, 0, 1;
    %cmp/u;
    %jmp/1 T_2.2, 6;
    %dup/vec4;
    %pushi/vec4 1, 0, 1;
    %cmp/u;
    %jmp/1 T_2.3, 6;
    %jmp T_2.4;
T_2.2 ;
    %load/vec4 v0000025dd042d4a0_0;
    %flag_set/vec4 8;
    %jmp/0xz  T_2.5, 8;
    %pushi/vec4 1, 0, 1;
    %assign/vec4 v0000025dd042d540_0, 0;
    %load/vec4 v0000025dd042d0e0_0;
    %assign/vec4 v0000025dd042ca00_0, 0;
    %load/vec4 v0000025dd042cdc0_0;
    %assign/vec4 v0000025dd042cd20_0, 0;
    %pushi/vec4 0, 0, 3;
    %assign/vec4 v0000025dd042d180_0, 0;
    %pushi/vec4 0, 0, 16;
    %assign/vec4 v0000025dd042d220_0, 0;
T_2.5 ;
    %jmp T_2.4;
T_2.3 ;
    %load/vec4 v0000025dd042cfa0_0;
    %cmpi/ne 0, 0, 3;
    %jmp/0xz  T_2.7, 4;
    %pushi/vec4 0, 0, 1;
    %assign/vec4 v0000025dd042d540_0, 0;
    %load/vec4 v0000025dd042d220_0;
    %assign/vec4 v0000025dd042d5e0_0, 0;
T_2.7 ;
    %load/vec4 v0000025dd042d220_0;
    %load/vec4 v0000025dd042d360_0;
    %add;
    %assign/vec4 v0000025dd042d220_0, 0;
    %load/vec4 v0000025dd042d180_0;
    %addi 1, 0, 3;
    %assign/vec4 v0000025dd042d180_0, 0;
    %jmp T_2.4;
T_2.4 ;
    %pop/vec4 1;
T_2.1 ;
    %jmp T_2;
    .thread T_2;
    .scope S_0000025dd0406010;
T_3 ;
    %wait E_0000025dd0439f40;
    %load/vec4 v0000025dd049b990_0;
    %flag_set/vec4 8;
    %jmp/0xz  T_3.0, 8;
    %pushi/vec4 0, 0, 2;
    %assign/vec4 v0000025dd049a1d0_0, 0;
    %jmp T_3.1;
T_3.0 ;
    %load/vec4 v0000025dd049a1d0_0;
    %dup/vec4;
    %pushi/vec4 0, 0, 2;
    %cmp/u;
    %jmp/1 T_3.2, 6;
    %dup/vec4;
    %pushi/vec4 1, 0, 2;
    %cmp/u;
    %jmp/1 T_3.3, 6;
    %dup/vec4;
    %pushi/vec4 2, 0, 2;
    %cmp/u;
    %jmp/1 T_3.4, 6;
    %dup/vec4;
    %pushi/vec4 3, 0, 2;
    %cmp/u;
    %jmp/1 T_3.5, 6;
    %jmp T_3.6;
T_3.2 ;
    %load/vec4 v0000025dd049a590_0;
    %flag_set/vec4 8;
    %jmp/0xz  T_3.7, 8;
    %pushi/vec4 1, 0, 2;
    %assign/vec4 v0000025dd049a1d0_0, 0;
T_3.7 ;
    %jmp T_3.6;
T_3.3 ;
    %load/vec4 v0000025dd049ad10_0;
    %nor/r;
    %flag_set/vec4 8;
    %jmp/0xz  T_3.9, 8;
    %pushi/vec4 2, 0, 2;
    %assign/vec4 v0000025dd049a1d0_0, 0;
T_3.9 ;
    %jmp T_3.6;
T_3.4 ;
    %load/vec4 v0000025dd049b8f0_0;
    %nor/r;
    %flag_set/vec4 8;
    %jmp/0xz  T_3.11, 8;
    %pushi/vec4 3, 0, 2;
    %assign/vec4 v0000025dd049a1d0_0, 0;
T_3.11 ;
    %jmp T_3.6;
T_3.5 ;
    %pushi/vec4 0, 0, 2;
    %assign/vec4 v0000025dd049a1d0_0, 0;
    %jmp T_3.6;
T_3.6 ;
    %pop/vec4 1;
T_3.1 ;
    %jmp T_3;
    .thread T_3;
    .scope S_0000025dd040e790;
T_4 ;
    %pushi/vec4 0, 0, 1;
    %store/vec4 v0000025dd049bcb0_0, 0, 1;
    %pushi/vec4 1, 0, 1;
    %store/vec4 v0000025dd049b170_0, 0, 1;
    %pushi/vec4 0, 0, 1;
    %store/vec4 v0000025dd049a8b0_0, 0, 1;
    %pushi/vec4 0, 0, 8;
    %store/vec4 v0000025dd049bb70_0, 0, 8;
    %pushi/vec4 0, 0, 8;
    %store/vec4 v0000025dd049adb0_0, 0, 8;
    %end;
    .thread T_4;
    .scope S_0000025dd040e790;
T_5 ;
    %delay 5000, 0;
    %load/vec4 v0000025dd049bcb0_0;
    %inv;
    %store/vec4 v0000025dd049bcb0_0, 0, 1;
    %jmp T_5;
    .thread T_5;
    .scope S_0000025dd040e790;
T_6 ;
    %vpi_call 2 26 "$dumpfile", "wave.vcd" {0 0 0};
    %vpi_call 2 27 "$dumpvars", 32'sb00000000000000000000000000000000, S_0000025dd040e790 {0 0 0};
    %pushi/vec4 1, 0, 1;
    %store/vec4 v0000025dd049b170_0, 0, 1;
    %pushi/vec4 2, 0, 32;
T_6.0 %dup/vec4;
    %pushi/vec4 0, 0, 32;
    %cmp/s;
    %jmp/1xz T_6.1, 5;
    %jmp/1 T_6.1, 4;
    %pushi/vec4 1, 0, 32;
    %sub;
    %wait E_0000025dd0439fc0;
    %jmp T_6.0;
T_6.1 ;
    %pop/vec4 1;
    %pushi/vec4 0, 0, 1;
    %store/vec4 v0000025dd049b170_0, 0, 1;
    %wait E_0000025dd0439fc0;
    %pushi/vec4 4, 0, 8;
    %store/vec4 v0000025dd049b350_0, 0, 8;
    %pushi/vec4 16, 0, 8;
    %store/vec4 v0000025dd049bdf0_0, 0, 8;
    %pushi/vec4 16, 0, 16;
    %store/vec4 v0000025dd049bad0_0, 0, 16;
    %pushi/vec4 1, 0, 32;
    %store/vec4 v0000025dd049bc10_0, 0, 32;
    %fork TD_sqrt_mult_system_tb.test, S_0000025dd03e2f80;
    %join;
    %pushi/vec4 5, 0, 8;
    %store/vec4 v0000025dd049b350_0, 0, 8;
    %pushi/vec4 25, 0, 8;
    %store/vec4 v0000025dd049bdf0_0, 0, 8;
    %pushi/vec4 25, 0, 16;
    %store/vec4 v0000025dd049bad0_0, 0, 16;
    %pushi/vec4 2, 0, 32;
    %store/vec4 v0000025dd049bc10_0, 0, 32;
    %fork TD_sqrt_mult_system_tb.test, S_0000025dd03e2f80;
    %join;
    %pushi/vec4 3, 0, 8;
    %store/vec4 v0000025dd049b350_0, 0, 8;
    %pushi/vec4 2, 0, 8;
    %store/vec4 v0000025dd049bdf0_0, 0, 8;
    %pushi/vec4 3, 0, 16;
    %store/vec4 v0000025dd049bad0_0, 0, 16;
    %pushi/vec4 3, 0, 32;
    %store/vec4 v0000025dd049bc10_0, 0, 32;
    %fork TD_sqrt_mult_system_tb.test, S_0000025dd03e2f80;
    %join;
    %pushi/vec4 0, 0, 8;
    %store/vec4 v0000025dd049b350_0, 0, 8;
    %pushi/vec4 100, 0, 8;
    %store/vec4 v0000025dd049bdf0_0, 0, 8;
    %pushi/vec4 0, 0, 16;
    %store/vec4 v0000025dd049bad0_0, 0, 16;
    %pushi/vec4 4, 0, 32;
    %store/vec4 v0000025dd049bc10_0, 0, 32;
    %fork TD_sqrt_mult_system_tb.test, S_0000025dd03e2f80;
    %join;
    %pushi/vec4 8, 0, 8;
    %store/vec4 v0000025dd049b350_0, 0, 8;
    %pushi/vec4 0, 0, 8;
    %store/vec4 v0000025dd049bdf0_0, 0, 8;
    %pushi/vec4 0, 0, 16;
    %store/vec4 v0000025dd049bad0_0, 0, 16;
    %pushi/vec4 5, 0, 32;
    %store/vec4 v0000025dd049bc10_0, 0, 32;
    %fork TD_sqrt_mult_system_tb.test, S_0000025dd03e2f80;
    %join;
    %pushi/vec4 1, 0, 8;
    %store/vec4 v0000025dd049b350_0, 0, 8;
    %pushi/vec4 1, 0, 8;
    %store/vec4 v0000025dd049bdf0_0, 0, 8;
    %pushi/vec4 1, 0, 16;
    %store/vec4 v0000025dd049bad0_0, 0, 16;
    %pushi/vec4 6, 0, 32;
    %store/vec4 v0000025dd049bc10_0, 0, 32;
    %fork TD_sqrt_mult_system_tb.test, S_0000025dd03e2f80;
    %join;
    %pushi/vec4 255, 0, 8;
    %store/vec4 v0000025dd049b350_0, 0, 8;
    %pushi/vec4 255, 0, 8;
    %store/vec4 v0000025dd049bdf0_0, 0, 8;
    %pushi/vec4 3825, 0, 16;
    %store/vec4 v0000025dd049bad0_0, 0, 16;
    %pushi/vec4 7, 0, 32;
    %store/vec4 v0000025dd049bc10_0, 0, 32;
    %fork TD_sqrt_mult_system_tb.test, S_0000025dd03e2f80;
    %join;
    %pushi/vec4 100, 0, 8;
    %store/vec4 v0000025dd049b350_0, 0, 8;
    %pushi/vec4 4, 0, 8;
    %store/vec4 v0000025dd049bdf0_0, 0, 8;
    %pushi/vec4 200, 0, 16;
    %store/vec4 v0000025dd049bad0_0, 0, 16;
    %pushi/vec4 8, 0, 32;
    %store/vec4 v0000025dd049bc10_0, 0, 32;
    %fork TD_sqrt_mult_system_tb.test, S_0000025dd03e2f80;
    %join;
    %pushi/vec4 2, 0, 8;
    %store/vec4 v0000025dd049b350_0, 0, 8;
    %pushi/vec4 225, 0, 8;
    %store/vec4 v0000025dd049bdf0_0, 0, 8;
    %pushi/vec4 30, 0, 16;
    %store/vec4 v0000025dd049bad0_0, 0, 16;
    %pushi/vec4 9, 0, 32;
    %store/vec4 v0000025dd049bc10_0, 0, 32;
    %fork TD_sqrt_mult_system_tb.test, S_0000025dd03e2f80;
    %join;
    %pushi/vec4 6, 0, 8;
    %store/vec4 v0000025dd049b350_0, 0, 8;
    %pushi/vec4 64, 0, 8;
    %store/vec4 v0000025dd049bdf0_0, 0, 8;
    %pushi/vec4 48, 0, 16;
    %store/vec4 v0000025dd049bad0_0, 0, 16;
    %pushi/vec4 10, 0, 32;
    %store/vec4 v0000025dd049bc10_0, 0, 32;
    %fork TD_sqrt_mult_system_tb.test, S_0000025dd03e2f80;
    %join;
    %delay 10000, 0;
    %vpi_call 2 45 "$finish" {0 0 0};
    %end;
    .thread T_6;
# The file index is used to find the file name in the following table.
:file_names 6;
    "N/A";
    "<interactive>";
    "src\sqrt_mult_system_tb.v";
    "src/sqrt_mult_system.v";
    "src/mult.v";
    "src/sqrt.v";
